1702307255744	geckodriver	INFO	Listening on 127.0.0.1:52011
1702307258770	mozrunner::runner	INFO	Running command: "C:\\Program Files\\Mozilla Firefox\\firefox.exe" "--marionette" "user-agent=Mozilla/5.0 (Linux; Android 10; ... 2" "--remote-allow-hosts" "localhost" "-no-remote" "-profile" "C:\\Users\\eugin\\AppData\\Local\\Temp\\rust_mozprofileg2qk4O"
console.warn: services.settings: Ignoring preference override of remote settings server
console.warn: services.settings: Allow by setting MOZ_REMOTE_SETTINGS_DEVTOOLS=1 in the environment
1702307259153	Marionette	INFO	Marionette enabled
Dynamically enable window occlusion 0
1702307259247	Marionette	INFO	Listening on port 52020
WebDriver BiDi listening on ws://127.0.0.1:52012
Read port: 52020
1702307259549	RemoteAgent	WARN	TLS certificate errors will be ignored for this session
DevTools listening on ws://127.0.0.1:52012/devtools/browser/588a8664-0ef6-474e-a203-8dc34a1e8e5f
JavaScript error: https://cdn.onesignal.com/sdks/OneSignalPageSDKES6.js?v=151605, line 1: f: OneSignal: This web push config can only be used on https://www.ifthq.ml. Your current origin is https://hub.euginetech.com.
JavaScript warning: https://arvigorothan.com/tag.min.js, line 1: WEBGL_debug_renderer_info is deprecated in Firefox and will be removed. Please use RENDERER.
JavaScript warning: https://tzegilo.com/stattag.js, line 2: WEBGL_debug_renderer_info is deprecated in Firefox and will be removed. Please use RENDERER.
JavaScript warning: https://pagead2.googlesyndication.com/bg/Dtt_-LR3WxpzwV0Gscftq1A_D1owstvxoTnWWhwY4Ow.js line 2 > eval line 4944 > eval line 1 > eval line 1 > eval, line 1: WEBGL_debug_renderer_info is deprecated in Firefox and will be removed. Please use RENDERER.
1702307289171	addons.xpi	ERROR	System addon update list error SyntaxError: XMLHttpRequest.open: 'http://%(server)s/dummy-system-addons.xml' is not a valid URL.
1702307292683	Marionette	WARN	Ignoring event 'DOMContentLoaded' because document has an invalid readyState of 'complete'.
console.error: ({})
JavaScript warning: https://haijezoa.top/pfe/current/stattag.js, line 1: WEBGL_debug_renderer_info is deprecated in Firefox and will be removed. Please use RENDERER.
JavaScript warning: https://www.google.com/xjs/_/js/k=xjs.s.en_GB.kOPo4mxZW5Y.O/am=ACAAAAgQAAAAAAAAAAAAAABAAAAAAABBCAiHADZAAPwyDwAQAAQAQIGIohDAACAQ8PlPCAAAAAAAwAQIDACyAKLCzxAAAJhAFYAdAAAAAIL9AAAAAIAAAAAMAMFBgIZCcAAhoAQEAAAAkAeA5wEMBxEWAAAAAAAAAAAAAAQ8QTA4IP0REAABAAAAAAAAAAAAAClp8nIAAQAQAQ/d=1/ed=1/dg=2/rs=ACT90oFiYnT5M-UE8tTULh2-Fj0Hc83eQg/ee=cEt90b:ws9Tlc;qddgKe:x4FYXe,d7YSfd;yxTchf:KUM7Z;dtl0hd:lLQWFe;eHDfl:ofjVkb;qaS3gd:yiLg6e;nAFL3:NTMZac,s39S4;oGtAuc:sOXFj;iFQyKf:vfuNJf,QIhFr;SNUn3:ZwDk9d,x8cHvb;io8t5d:sgY6Zb;Oj465e:KG2eXe,KG2eXe;Erl4fe:FloWmf,FloWmf;JsbNhc:Xd8iUd;sP4Vbe:VwDzFe;kMFpHd:OTA3Ae;uY49fb:COQbmf;Pjplud:PoEs9b,EEDORb;QGR0gd:Mlhmy;a56pNe:JEfCwb;Me32dd:MEeYgc;wR5FRb:TtcOte,O1Gjze;pXdRYb:JKoKVe;dIoSBb:ZgGg9b;EmZ2Bf:zr1jrb;NSEoX:lazG7b;eBAeSb:Ck63tb;WCEKNd:I46Hvd;wV5Pjc:L8KGxe;EVNhjf:pw70Gc;sTsDMc:kHVSUb;wQlYve:aLUfP;zOsCQe:Ko78Df;KcokUb:KiuZBf;kbAm9d:MkHyGd;g8nkx:U4MzKc;YV5bee:IvPZ6d;IoGlCf:b5lhvb;w9w86d:dt4g2b;ESrPQc:mNTJvc;bFZ6gf:RsDQqe;JXS8fb:Qj0suc;UyG7Kb:wQd0G;LsNahb:ucGLNb;xBbsrc:NEW1Qc;tosKvd:ZCqP3;vfVwPd:lcrkwe;GleZL:J1A7Od;bcPXSc:gSZLJb;VN6jIc:ddQyuf;oUlnpc:RagDlc;CxXAWb:YyRLvc;VGRfx:VFqbr;EABSZ:MXZt9d;DpcR3d:zL72xf;NPKaK:SdcwHb;LBgRLc:XVMNvd,SdcwHb;ZWEUA:afR4Cf;qZx2Fc:j0xrE;lzgfYb:PI40bd;pNsl2d:j9Yuyc;VsAqSb:PGf2Re;R9Ulx:CR7Ufe;kY7VAf:d91TEb;KpRAue:Tia57b;jY0zg:Q6tNgc;coJ8e:KvoW8;oSUNyd:fTfGO,fTfGO,pnvXVc;SMDL4c:fTfGO,pnvXVc;aZ61od:arTwJ;w4rSdf:XKiZ9;h3MYod:cEt90b;eO3lse:nFClrf;zaIgPb:Qtpxbd;HMDDWe:G8QUdb;ShpF6e:N0pvGc;k2Qxcb:XY51pe;IBADCc:RYquRb;pKJiXd:VCenhc;rQSrae:C6D5Fc;kCQyJ:ueyPK;qavrXe:zQzcXe,mYbt1d;TxfV6d:YORN0b;UDrY1c:eps46d;F9mqte:UoRcbe;Nyt6ic:jn2sGd;w3bZCb:ZPGaIb;G0KhTb:LIaoZ;XUezZ:sa7lqb;aAJE9c:WHW6Ef;V2HTTe:RolTY;Wfmdue:g3MJlb;imqimf:jKGL2e;BgS6mb:fidj5d;gtVSi:ekUOYd;KQzWid:ZMKkN;UVmjEd:EesRsb;z97YGf:oug9te;AfeaP:TkrAjf;eBZ5Nd:audvde;OgagBe:cNTe0;SLtqO:Kh1xYe;VOcgDe:YquhTb;uuQkY:u2V3ud;WDGyFe:jcVOxd;trZL0b:qY8PFe;VxQ32b:k0XsBb;DULqB:RKfG5c;Np8Qkd:Dpx6qc;cFTWae:gT8qnd;gaub4:TN6bMe;hjRo6e:F62sG;BjwMce:cXX2Wb;yGxLoc:FmAr0c;pj82le:mg5CW;dLlj2:Qqt3Gf;qGV2uc:HHi04c;R2kc8b:ALJqWb;Q1Ow7b:x5CSu;okUaUd:wItadb;xbe2wc:wbTLEd;KOxcK:bFOvTc;G6wU6e:hezEbd;uknmt:GkPrzb;U96pRd:FsR04;PqHfGe:im2cZe;heHB1:sFczq;Fmv9Nc:O1Tzwc;hK67qb:QWEO5b;BMxAGc:E5bFse;R4IIIb:QWfeKf;whEZac:F4AmNb;tH4IIe:Ymry6;lkq0A:JyBE3e;daB6be:lMxGPd;LEikZe:byfTOb,lsjVmc/m=attn,cdos,cr,gwc,hsm,jsa,mb4ZUb,d,csi,cEt90b,SNUn3,qddgKe,sTsDMc,dtl0hd,eHDfl, line 416: Script terminated by timeout at:
b@https://www.google.com/xjs/_/js/k=xjs.s.en_GB.kOPo4mxZW5Y.O/am=ACAAAAgQAAAAAAAAAAAAAABAAAAAAABBCAiHADZAAPwyDwAQAAQAQIGIohDAACAQ8PlPCAAAAAAAwAQIDACyAKLCzxAAAJhAFYAdAAAAAIL9AAAAAIAAAAAMAMFBgIZCcAAhoAQEAAAAkAeA5wEMBxEWAAAAAAAAAAAAAAQ8QTA4IP0REAABAAAAAAAAAAAAAClp8nIAAQAQAQ/d=1/ed=1/dg=2/rs=ACT90oFiYnT5M-UE8tTULh2-Fj0Hc83eQg/ee=cEt90b:ws9Tlc;qddgKe:x4FYXe,d7YSfd;yxTchf:KUM7Z;dtl0hd:lLQWFe;eHDfl:ofjVkb;qaS3gd:yiLg6e;nAFL3:NTMZac,s39S4;oGtAuc:sOXFj;iFQyKf:vfuNJf,QIhFr;SNUn3:ZwDk9d,x8cHvb;io8t5d:sgY6Zb;Oj465e:KG2eXe,KG2eXe;Erl4fe:FloWmf,FloWmf;JsbNhc:Xd8iUd;sP4Vbe:VwDzFe;kMFpHd:OTA3Ae;uY49fb:COQbmf;Pjplud:PoEs9b,EEDORb;QGR0gd:Mlhmy;a56pNe:JEfCwb;Me32dd:MEeYgc;wR5FRb:TtcOte,O1Gjze;pXdRYb:JKoKVe;dIoSBb:ZgGg9b;EmZ2Bf:zr1jrb;NSEoX:lazG7b;eBAeSb:Ck63tb;WCEKNd:I46Hvd;wV5Pjc:L8KGxe;EVNhjf:pw70Gc;sTsDMc:kHVSUb;wQlYve:aLUfP;zOsCQe:Ko78Df;KcokUb:KiuZBf;kbAm9d:MkHyGd;g8nkx:U4MzKc;YV5bee:IvPZ6d;IoGlCf:b5lhvb;w9w86d:dt4g2b;ESrPQc:mNTJvc;bFZ6gf:RsDQqe;JXS8fb:Qj0suc;UyG7Kb:wQd0G;LsNahb:ucGLNb;xBbsrc:NEW1Qc;tosKvd:ZCqP3;vfVwPd:lcrkwe;GleZL:J1A7Od;bcPXSc:gSZLJb;VN6jIc:ddQyuf;oUlnpc:RagDlc;CxXAWb:YyRLvc;VGRfx:VFqbr;EABSZ:MXZt9d;DpcR3d:zL72xf;NPKaK:SdcwHb;LBgRLc:XVMNvd,SdcwHb;ZWEUA:afR4Cf;qZx2Fc:j0xrE;lzgfYb:PI40bd;pNsl2d:j9Yuyc;VsAqSb:PGf2Re;R9Ulx:CR7Ufe;kY7VAf:d91TEb;KpRAue:Tia57b;jY0zg:Q6tNgc;coJ8e:KvoW8;oSUNyd:fTfGO,fTfGO,pnvXVc;SMDL4c:fTfGO,pnvXVc;aZ61od:arTwJ;w4rSdf:XKiZ9;h3MYod:cEt90b;eO3lse:nFClrf;zaIgPb:Qtpxbd;HMDDWe:G8QUdb;ShpF6e:N0pvGc;k2Qxcb:XY51pe;IBADCc:RYquRb;pKJiXd:VCenhc;rQSrae:C6D5Fc;kCQyJ:ueyPK;qavrXe:zQzcXe,mYbt1d;TxfV6d:YORN0b;UDrY1c:eps46d;F9mqte:UoRcbe;Nyt6ic:jn2sGd;w3bZCb:ZPGaIb;G0KhTb:LIaoZ;XUezZ:sa7lqb;aAJE9c:WHW6Ef;V2HTTe:RolTY;Wfmdue:g3MJlb;imqimf:jKGL2e;BgS6mb:fidj5d;gtVSi:ekUOYd;KQzWid:ZMKkN;UVmjEd:EesRsb;z97YGf:oug9te;AfeaP:TkrAjf;eBZ5Nd:audvde;OgagBe:cNTe0;SLtqO:Kh1xYe;VOcgDe:YquhTb;uuQkY:u2V3ud;WDGyFe:jcVOxd;trZL0b:qY8PFe;VxQ32b:k0XsBb;DULqB:RKfG5c;Np8Qkd:Dpx6qc;cFTWae:gT8qnd;gaub4:TN6bMe;hjRo6e:F62sG;BjwMce:cXX2Wb;yGxLoc:FmAr0c;pj82le:mg5CW;dLlj2:Qqt3Gf;qGV2uc:HHi04c;R2kc8b:ALJqWb;Q1Ow7b:x5CSu;okUaUd:wItadb;xbe2wc:wbTLEd;KOxcK:bFOvTc;G6wU6e:hezEbd;uknmt:GkPrzb;U96pRd:FsR04;PqHfGe:im2cZe;heHB1:sFczq;Fmv9Nc:O1Tzwc;hK67qb:QWEO5b;BMxAGc:E5bFse;R4IIIb:QWfeKf;whEZac:F4AmNb;tH4IIe:Ymry6;lkq0A:JyBE3e;daB6be:lMxGPd;LEikZe:byfTOb,lsjVmc/m=attn,cdos,cr,gwc,hsm,jsa,mb4ZUb,d,csi,cEt90b,SNUn3,qddgKe,sTsDMc,dtl0hd,eHDfl:416:40

JavaScript warning: https://haijezoa.top/js/_core-survey.37b49ebd.js, line 1: Script terminated by timeout at:
a@https://haijezoa.top/js/_core-survey.37b49ebd.js:1:54908
1174/event/</<@https://haijezoa.top/js/_core-survey.37b49ebd.js:1:54994
1174/te/<@https://haijezoa.top/js/_core-survey.37b49ebd.js:1:43541
t@https://haijezoa.top/js/_core-survey.37b49ebd.js:1:43411

1702307300995	Marionette	INFO	Stopped listening on port 52020
Dynamically enable window occlusion 1
1702307355235	geckodriver	INFO	Listening on 127.0.0.1:52137
1702307358262	mozrunner::runner	INFO	Running command: "C:\\Program Files\\Mozilla Firefox\\firefox.exe" "--marionette" "user-agent=Mozilla/5.0 (X11; Debian; Linux ... 8" "--remote-allow-hosts" "localhost" "-no-remote" "-profile" "C:\\Users\\eugin\\AppData\\Local\\Temp\\rust_mozprofileHIWUGg"
console.warn: services.settings: Ignoring preference override of remote settings server
console.warn: services.settings: Allow by setting MOZ_REMOTE_SETTINGS_DEVTOOLS=1 in the environment
1702307358573	Marionette	INFO	Marionette enabled
Dynamically enable window occlusion 0
1702307358651	Marionette	INFO	Listening on port 52145
WebDriver BiDi listening on ws://127.0.0.1:52138
Read port: 52145
1702307358912	RemoteAgent	WARN	TLS certificate errors will be ignored for this session
DevTools listening on ws://127.0.0.1:52138/devtools/browser/15451fc8-b38d-4a73-a828-ef55f2575f2b
JavaScript warning: https://www.google.com/xjs/_/js/k=xjs.s.en_GB.kOPo4mxZW5Y.O/am=ACAAAAgQAAAAAAAAAAAAAABAAAAAAABBCAiHADZAAPwyDwAQAAQAQIGIohDAACAQ8PlPCAAAAAAAwAQIDAC6AqLCzxAAAJhAFYAdAAAAAIL9AAAAAIAAAAAMAMFBgIZCcAAhoAQEAAAAkAeA5wEMBxEWAAAAAAAAAAAAAAQ8QTA4IP0REAABAAAAAAAAAAAAAClp8nIAAQAw/d=1/ed=1/dg=2/rs=ACT90oGmhs0bxCzdwxeT3FoFesNDlwdytA/ee=cEt90b:ws9Tlc;qddgKe:x4FYXe,d7YSfd;yxTchf:KUM7Z;dtl0hd:lLQWFe;eHDfl:ofjVkb;qaS3gd:yiLg6e;nAFL3:NTMZac,s39S4;oGtAuc:sOXFj;iFQyKf:vfuNJf,QIhFr;SNUn3:ZwDk9d,x8cHvb;io8t5d:sgY6Zb;Oj465e:KG2eXe,KG2eXe;Erl4fe:FloWmf,FloWmf;JsbNhc:Xd8iUd;sP4Vbe:VwDzFe;kMFpHd:OTA3Ae;uY49fb:COQbmf;Pjplud:PoEs9b,EEDORb;QGR0gd:Mlhmy;a56pNe:JEfCwb;Me32dd:MEeYgc;wR5FRb:TtcOte,O1Gjze;pXdRYb:JKoKVe;dIoSBb:ZgGg9b;EmZ2Bf:zr1jrb;NSEoX:lazG7b;eBAeSb:Ck63tb;WCEKNd:I46Hvd;wV5Pjc:L8KGxe;EVNhjf:pw70Gc;sTsDMc:kHVSUb;wQlYve:aLUfP;zOsCQe:Ko78Df;KcokUb:KiuZBf;kbAm9d:MkHyGd;g8nkx:U4MzKc;YV5bee:IvPZ6d;IoGlCf:b5lhvb;w9w86d:dt4g2b;ESrPQc:mNTJvc;bFZ6gf:RsDQqe;JXS8fb:Qj0suc;UyG7Kb:wQd0G;LsNahb:ucGLNb;xBbsrc:NEW1Qc;tosKvd:ZCqP3;vfVwPd:lcrkwe;GleZL:J1A7Od;bcPXSc:gSZLJb;VN6jIc:ddQyuf;oUlnpc:RagDlc;CxXAWb:YyRLvc;VGRfx:VFqbr;EABSZ:MXZt9d;DpcR3d:zL72xf;NPKaK:SdcwHb;LBgRLc:XVMNvd,SdcwHb;ZWEUA:afR4Cf;qZx2Fc:j0xrE;lzgfYb:PI40bd;pNsl2d:j9Yuyc;VsAqSb:PGf2Re;R9Ulx:CR7Ufe;kY7VAf:d91TEb;KpRAue:Tia57b;jY0zg:Q6tNgc;coJ8e:KvoW8;oSUNyd:fTfGO,fTfGO,pnvXVc;SMDL4c:fTfGO,pnvXVc;aZ61od:arTwJ;w4rSdf:XKiZ9;h3MYod:cEt90b;eO3lse:nFClrf;zaIgPb:Qtpxbd;HMDDWe:G8QUdb;ShpF6e:N0pvGc;k2Qxcb:XY51pe;IBADCc:RYquRb;pKJiXd:VCenhc;rQSrae:C6D5Fc;kCQyJ:ueyPK;qavrXe:zQzcXe,mYbt1d;TxfV6d:YORN0b;UDrY1c:eps46d;F9mqte:UoRcbe;Nyt6ic:jn2sGd;w3bZCb:ZPGaIb;G0KhTb:LIaoZ;XUezZ:sa7lqb;aAJE9c:WHW6Ef;V2HTTe:RolTY;Wfmdue:g3MJlb;imqimf:jKGL2e;BgS6mb:fidj5d;gtVSi:ekUOYd;KQzWid:ZMKkN;UVmjEd:EesRsb;z97YGf:oug9te;AfeaP:TkrAjf;eBZ5Nd:audvde;OgagBe:cNTe0;SLtqO:Kh1xYe;VOcgDe:YquhTb;uuQkY:u2V3ud;WDGyFe:jcVOxd;trZL0b:qY8PFe;VxQ32b:k0XsBb;DULqB:RKfG5c;Np8Qkd:Dpx6qc;cFTWae:gT8qnd;gaub4:TN6bMe;hjRo6e:F62sG;BjwMce:cXX2Wb;yGxLoc:FmAr0c;pj82le:mg5CW;dLlj2:Qqt3Gf;qGV2uc:HHi04c;R2kc8b:ALJqWb;Q1Ow7b:x5CSu;okUaUd:wItadb;xbe2wc:wbTLEd;KOxcK:bFOvTc;G6wU6e:hezEbd;uknmt:GkPrzb;U96pRd:FsR04;PqHfGe:im2cZe;heHB1:sFczq;Fmv9Nc:O1Tzwc;hK67qb:QWEO5b;BMxAGc:E5bFse;R4IIIb:QWfeKf;whEZac:F4AmNb;tH4IIe:Ymry6;lkq0A:JyBE3e;daB6be:lMxGPd;LEikZe:byfTOb,lsjVmc/m=attn,cdos,cr,gwc,hsm,jsa,mb4ZUb,d,csi,cEt90b,SNUn3,qddgKe,sTsDMc,dtl0hd,eHDfl, line 416: Script terminated by timeout at:
b@https://www.google.com/xjs/_/js/k=xjs.s.en_GB.kOPo4mxZW5Y.O/am=ACAAAAgQAAAAAAAAAAAAAABAAAAAAABBCAiHADZAAPwyDwAQAAQAQIGIohDAACAQ8PlPCAAAAAAAwAQIDAC6AqLCzxAAAJhAFYAdAAAAAIL9AAAAAIAAAAAMAMFBgIZCcAAhoAQEAAAAkAeA5wEMBxEWAAAAAAAAAAAAAAQ8QTA4IP0REAABAAAAAAAAAAAAAClp8nIAAQAw/d=1/ed=1/dg=2/rs=ACT90oGmhs0bxCzdwxeT3FoFesNDlwdytA/ee=cEt90b:ws9Tlc;qddgKe:x4FYXe,d7YSfd;yxTchf:KUM7Z;dtl0hd:lLQWFe;eHDfl:ofjVkb;qaS3gd:yiLg6e;nAFL3:NTMZac,s39S4;oGtAuc:sOXFj;iFQyKf:vfuNJf,QIhFr;SNUn3:ZwDk9d,x8cHvb;io8t5d:sgY6Zb;Oj465e:KG2eXe,KG2eXe;Erl4fe:FloWmf,FloWmf;JsbNhc:Xd8iUd;sP4Vbe:VwDzFe;kMFpHd:OTA3Ae;uY49fb:COQbmf;Pjplud:PoEs9b,EEDORb;QGR0gd:Mlhmy;a56pNe:JEfCwb;Me32dd:MEeYgc;wR5FRb:TtcOte,O1Gjze;pXdRYb:JKoKVe;dIoSBb:ZgGg9b;EmZ2Bf:zr1jrb;NSEoX:lazG7b;eBAeSb:Ck63tb;WCEKNd:I46Hvd;wV5Pjc:L8KGxe;EVNhjf:pw70Gc;sTsDMc:kHVSUb;wQlYve:aLUfP;zOsCQe:Ko78Df;KcokUb:KiuZBf;kbAm9d:MkHyGd;g8nkx:U4MzKc;YV5bee:IvPZ6d;IoGlCf:b5lhvb;w9w86d:dt4g2b;ESrPQc:mNTJvc;bFZ6gf:RsDQqe;JXS8fb:Qj0suc;UyG7Kb:wQd0G;LsNahb:ucGLNb;xBbsrc:NEW1Qc;tosKvd:ZCqP3;vfVwPd:lcrkwe;GleZL:J1A7Od;bcPXSc:gSZLJb;VN6jIc:ddQyuf;oUlnpc:RagDlc;CxXAWb:YyRLvc;VGRfx:VFqbr;EABSZ:MXZt9d;DpcR3d:zL72xf;NPKaK:SdcwHb;LBgRLc:XVMNvd,SdcwHb;ZWEUA:afR4Cf;qZx2Fc:j0xrE;lzgfYb:PI40bd;pNsl2d:j9Yuyc;VsAqSb:PGf2Re;R9Ulx:CR7Ufe;kY7VAf:d91TEb;KpRAue:Tia57b;jY0zg:Q6tNgc;coJ8e:KvoW8;oSUNyd:fTfGO,fTfGO,pnvXVc;SMDL4c:fTfGO,pnvXVc;aZ61od:arTwJ;w4rSdf:XKiZ9;h3MYod:cEt90b;eO3lse:nFClrf;zaIgPb:Qtpxbd;HMDDWe:G8QUdb;ShpF6e:N0pvGc;k2Qxcb:XY51pe;IBADCc:RYquRb;pKJiXd:VCenhc;rQSrae:C6D5Fc;kCQyJ:ueyPK;qavrXe:zQzcXe,mYbt1d;TxfV6d:YORN0b;UDrY1c:eps46d;F9mqte:UoRcbe;Nyt6ic:jn2sGd;w3bZCb:ZPGaIb;G0KhTb:LIaoZ;XUezZ:sa7lqb;aAJE9c:WHW6Ef;V2HTTe:RolTY;Wfmdue:g3MJlb;imqimf:jKGL2e;BgS6mb:fidj5d;gtVSi:ekUOYd;KQzWid:ZMKkN;UVmjEd:EesRsb;z97YGf:oug9te;AfeaP:TkrAjf;eBZ5Nd:audvde;OgagBe:cNTe0;SLtqO:Kh1xYe;VOcgDe:YquhTb;uuQkY:u2V3ud;WDGyFe:jcVOxd;trZL0b:qY8PFe;VxQ32b:k0XsBb;DULqB:RKfG5c;Np8Qkd:Dpx6qc;cFTWae:gT8qnd;gaub4:TN6bMe;hjRo6e:F62sG;BjwMce:cXX2Wb;yGxLoc:FmAr0c;pj82le:mg5CW;dLlj2:Qqt3Gf;qGV2uc:HHi04c;R2kc8b:ALJqWb;Q1Ow7b:x5CSu;okUaUd:wItadb;xbe2wc:wbTLEd;KOxcK:bFOvTc;G6wU6e:hezEbd;uknmt:GkPrzb;U96pRd:FsR04;PqHfGe:im2cZe;heHB1:sFczq;Fmv9Nc:O1Tzwc;hK67qb:QWEO5b;BMxAGc:E5bFse;R4IIIb:QWfeKf;whEZac:F4AmNb;tH4IIe:Ymry6;lkq0A:JyBE3e;daB6be:lMxGPd;LEikZe:byfTOb,lsjVmc/m=attn,cdos,cr,gwc,hsm,jsa,mb4ZUb,d,csi,cEt90b,SNUn3,qddgKe,sTsDMc,dtl0hd,eHDfl:416:40

1702307376393	Marionette	INFO	Stopped listening on port 52145
Dynamically enable window occlusion 1
1702307507755	geckodriver	INFO	Listening on 127.0.0.1:52246
1702307510794	mozrunner::runner	INFO	Running command: "C:\\Program Files\\Mozilla Firefox\\firefox.exe" "--marionette" "user-agent=Mozilla/5.0 (Linux; Android 13; ... 7" "--remote-allow-hosts" "localhost" "-no-remote" "-profile" "C:\\Users\\eugin\\AppData\\Local\\Temp\\rust_mozprofileFgjqWH"
console.warn: services.settings: Ignoring preference override of remote settings server
console.warn: services.settings: Allow by setting MOZ_REMOTE_SETTINGS_DEVTOOLS=1 in the environment
1702307511113	Marionette	INFO	Marionette enabled
Dynamically enable window occlusion 0
1702307511196	Marionette	INFO	Listening on port 52254
WebDriver BiDi listening on ws://127.0.0.1:52247
Read port: 52254
1702307511437	RemoteAgent	WARN	TLS certificate errors will be ignored for this session
DevTools listening on ws://127.0.0.1:52247/devtools/browser/50fb705d-abd6-4237-831b-7b25a3fcacf4
1702307542691	addons.xpi	ERROR	System addon update list error SyntaxError: XMLHttpRequest.open: 'http://%(server)s/dummy-system-addons.xml' is not a valid URL.
1702307552325	Marionette	INFO	Stopped listening on port 52254
Dynamically enable window occlusion 1
1702307557509	geckodriver	INFO	Listening on 127.0.0.1:52306
1702307560569	mozrunner::runner	INFO	Running command: "C:\\Program Files\\Mozilla Firefox\\firefox.exe" "--marionette" "user-agent=Mozilla/5.0 (Linux; Android 10; ... 7" "--remote-allow-hosts" "localhost" "-no-remote" "-profile" "C:\\Users\\eugin\\AppData\\Local\\Temp\\rust_mozprofilecXHu6H"
console.warn: services.settings: Ignoring preference override of remote settings server
console.warn: services.settings: Allow by setting MOZ_REMOTE_SETTINGS_DEVTOOLS=1 in the environment
1702307560871	Marionette	INFO	Marionette enabled
Dynamically enable window occlusion 0
1702307560951	Marionette	INFO	Listening on port 52314
WebDriver BiDi listening on ws://127.0.0.1:52307
Read port: 52314
1702307561258	RemoteAgent	WARN	TLS certificate errors will be ignored for this session
DevTools listening on ws://127.0.0.1:52307/devtools/browser/3c78de24-4928-4316-80da-39223dc5723c
1702307567809	Marionette	INFO	Stopped listening on port 52314
Dynamically enable window occlusion 1
1702307631531	geckodriver	INFO	Listening on 127.0.0.1:52352
1702307634582	mozrunner::runner	INFO	Running command: "C:\\Program Files\\Mozilla Firefox\\firefox.exe" "--marionette" "user-agent=Mozilla/5.0 (Linux; Android 12; ... 3" "--remote-allow-hosts" "localhost" "-no-remote" "-profile" "C:\\Users\\eugin\\AppData\\Local\\Temp\\rust_mozprofile7vUakU"
console.warn: services.settings: Ignoring preference override of remote settings server
console.warn: services.settings: Allow by setting MOZ_REMOTE_SETTINGS_DEVTOOLS=1 in the environment
1702307634889	Marionette	INFO	Marionette enabled
Dynamically enable window occlusion 0
1702307634968	Marionette	INFO	Listening on port 52360
WebDriver BiDi listening on ws://127.0.0.1:52353
Read port: 52360
1702307635231	RemoteAgent	WARN	TLS certificate errors will be ignored for this session
DevTools listening on ws://127.0.0.1:52353/devtools/browser/ea06292a-7a81-4164-993b-9f81a2d8f731
Exiting due to channel error.
Exiting due to channel error.
Exiting due to channel error.
1702307655283	geckodriver	INFO	Listening on 127.0.0.1:52403
1702307658338	mozrunner::runner	INFO	Running command: "C:\\Program Files\\Mozilla Firefox\\firefox.exe" "--marionette" "user-agent=Mozilla/5.0 (Linux; Android 10; ... 4" "--remote-allow-hosts" "localhost" "-no-remote" "-profile" "C:\\Users\\eugin\\AppData\\Local\\Temp\\rust_mozprofileWvOb8o"
console.warn: services.settings: Ignoring preference override of remote settings server
console.warn: services.settings: Allow by setting MOZ_REMOTE_SETTINGS_DEVTOOLS=1 in the environment
1702307658642	Marionette	INFO	Marionette enabled
Dynamically enable window occlusion 0
1702307658717	Marionette	INFO	Listening on port 52411
WebDriver BiDi listening on ws://127.0.0.1:52404
Read port: 52411
1702307658979	RemoteAgent	WARN	TLS certificate errors will be ignored for this session
DevTools listening on ws://127.0.0.1:52404/devtools/browser/0dc87e6f-20d7-4107-978e-ee8d7fc93805
JavaScript warning: https://www.google.com/search?client=firefox-b-d&q=my+user+agent, line 22: Script terminated by timeout at:
n@https://www.google.com/search?client=firefox-b-d&q=my+user+agent:22:194

Exiting due to channel error.
Exiting due to channel error.
Exiting due to channel error.
1702307694472	geckodriver	INFO	Listening on 127.0.0.1:52452
1702307697510	mozrunner::runner	INFO	Running command: "C:\\Program Files\\Mozilla Firefox\\firefox.exe" "--marionette" "user-agent=Mozilla/5.0 (Linux; Android 13; ... 3" "--remote-allow-hosts" "localhost" "-no-remote" "-profile" "C:\\Users\\eugin\\AppData\\Local\\Temp\\rust_mozprofileNSZ0Tn"
console.warn: services.settings: Ignoring preference override of remote settings server
console.warn: services.settings: Allow by setting MOZ_REMOTE_SETTINGS_DEVTOOLS=1 in the environment
1702307697810	Marionette	INFO	Marionette enabled
Dynamically enable window occlusion 0
1702307697888	Marionette	INFO	Listening on port 52460
WebDriver BiDi listening on ws://127.0.0.1:52453
Read port: 52460
1702307698118	RemoteAgent	WARN	TLS certificate errors will be ignored for this session
DevTools listening on ws://127.0.0.1:52453/devtools/browser/13e55c60-779e-44ba-91ae-eb8687784f93
1702307710999	Marionette	INFO	Stopped listening on port 52460
Dynamically enable window occlusion 1
1702307717474	geckodriver	INFO	Listening on 127.0.0.1:52501
1702307720519	mozrunner::runner	INFO	Running command: "C:\\Program Files\\Mozilla Firefox\\firefox.exe" "--marionette" "user-agent=Mozilla/5.0 (X11; Debian; Linux ... 2" "--remote-allow-hosts" "localhost" "-no-remote" "-profile" "C:\\Users\\eugin\\AppData\\Local\\Temp\\rust_mozprofileV95mzF"
console.warn: services.settings: Ignoring preference override of remote settings server
console.warn: services.settings: Allow by setting MOZ_REMOTE_SETTINGS_DEVTOOLS=1 in the environment
1702307720821	Marionette	INFO	Marionette enabled
Dynamically enable window occlusion 0
1702307720901	Marionette	INFO	Listening on port 52509
WebDriver BiDi listening on ws://127.0.0.1:52502
Read port: 52509
1702307721171	RemoteAgent	WARN	TLS certificate errors will be ignored for this session
DevTools listening on ws://127.0.0.1:52502/devtools/browser/5a872113-03f1-4951-b03f-7c45ec02665f
Exiting due to channel error.
Exiting due to channel error.
Exiting due to channel error.
Exiting due to channel error.
1702307786729	geckodriver	INFO	Listening on 127.0.0.1:52532
1702307789783	mozrunner::runner	INFO	Running command: "C:\\Program Files\\Mozilla Firefox\\firefox.exe" "--marionette" "user-agent=Mozilla/5.0 (Linux; Android 13; ... 3" "--remote-allow-hosts" "localhost" "-no-remote" "-profile" "C:\\Users\\eugin\\AppData\\Local\\Temp\\rust_mozprofile4Y5ltt"
console.warn: services.settings: Ignoring preference override of remote settings server
console.warn: services.settings: Allow by setting MOZ_REMOTE_SETTINGS_DEVTOOLS=1 in the environment
1702307790134	Marionette	INFO	Marionette enabled
Dynamically enable window occlusion 0
1702307790226	Marionette	INFO	Listening on port 52540
WebDriver BiDi listening on ws://127.0.0.1:52533
Read port: 52540
1702307790516	RemoteAgent	WARN	TLS certificate errors will be ignored for this session
DevTools listening on ws://127.0.0.1:52533/devtools/browser/a98fb8bf-f03f-4825-b979-089429aa9b3d
JavaScript error: https://cdn.onesignal.com/sdks/OneSignalPageSDKES6.js?v=151605, line 1: f: OneSignal: This web push config can only be used on https://www.ifthq.ml. Your current origin is https://hub.euginetech.com.
JavaScript warning: https://arvigorothan.com/tag.min.js, line 1: WEBGL_debug_renderer_info is deprecated in Firefox and will be removed. Please use RENDERER.
JavaScript warning: https://tzegilo.com/stattag.js, line 2: WEBGL_debug_renderer_info is deprecated in Firefox and will be removed. Please use RENDERER.
1702307820149	addons.xpi	ERROR	System addon update list error SyntaxError: XMLHttpRequest.open: 'http://%(server)s/dummy-system-addons.xml' is not a valid URL.
Exiting due to channel error.
Exiting due to channel error.
Exiting due to channel error.
Exiting due to channel error.
1702307862578	geckodriver	INFO	Listening on 127.0.0.1:52630
1702307865629	mozrunner::runner	INFO	Running command: "C:\\Program Files\\Mozilla Firefox\\firefox.exe" "--marionette" "user-agent=Mozilla/5.0 (Macintosh; Intel M ... 1" "--remote-allow-hosts" "localhost" "-no-remote" "-profile" "C:\\Users\\eugin\\AppData\\Local\\Temp\\rust_mozprofile1TPC8X"
console.warn: services.settings: Ignoring preference override of remote settings server
console.warn: services.settings: Allow by setting MOZ_REMOTE_SETTINGS_DEVTOOLS=1 in the environment
1702307865930	Marionette	INFO	Marionette enabled
Dynamically enable window occlusion 0
1702307866008	Marionette	INFO	Listening on port 52638
WebDriver BiDi listening on ws://127.0.0.1:52631
Read port: 52638
1702307866231	RemoteAgent	WARN	TLS certificate errors will be ignored for this session
DevTools listening on ws://127.0.0.1:52631/devtools/browser/8e49ec1b-25cb-4c57-b426-c787e3114a44
JavaScript error: https://cdn.onesignal.com/sdks/OneSignalPageSDKES6.js?v=151605, line 1: f: OneSignal: This web push config can only be used on https://www.ifthq.ml. Your current origin is https://hub.euginetech.com.
JavaScript warning: https://arvigorothan.com/tag.min.js, line 1: WEBGL_debug_renderer_info is deprecated in Firefox and will be removed. Please use RENDERER.
JavaScript warning: https://tzegilo.com/stattag.js, line 2: WEBGL_debug_renderer_info is deprecated in Firefox and will be removed. Please use RENDERER.
JavaScript warning: https://pagead2.googlesyndication.com/bg/Dtt_-LR3WxpzwV0Gscftq1A_D1owstvxoTnWWhwY4Ow.js line 2 > eval line 5640 > eval line 1 > eval line 1 > eval, line 1: WEBGL_debug_renderer_info is deprecated in Firefox and will be removed. Please use RENDERER.
1702307895951	addons.xpi	ERROR	System addon update list error SyntaxError: XMLHttpRequest.open: 'http://%(server)s/dummy-system-addons.xml' is not a valid URL.
1702307898315	Marionette	WARN	Ignoring event 'DOMContentLoaded' because document has an invalid readyState of 'complete'.
console.error: ({})
Exiting due to channel error.
1702308587947	geckodriver	INFO	Listening on 127.0.0.1:54429
1702308590980	mozrunner::runner	INFO	Running command: "C:\\Program Files\\Mozilla Firefox\\firefox.exe" "--marionette" "user-agent=Mozilla/5.0 (Linux; Android 8.1 ... 0" "--remote-allow-hosts" "localhost" "-no-remote" "-profile" "C:\\Users\\eugin\\AppData\\Local\\Temp\\rust_mozprofilepQGyNf"
console.warn: services.settings: Ignoring preference override of remote settings server
console.warn: services.settings: Allow by setting MOZ_REMOTE_SETTINGS_DEVTOOLS=1 in the environment
1702308591296	Marionette	INFO	Marionette enabled
Dynamically enable window occlusion 0
1702308591371	Marionette	INFO	Listening on port 54437
WebDriver BiDi listening on ws://127.0.0.1:54430
Read port: 54437
1702308591598	RemoteAgent	WARN	TLS certificate errors will be ignored for this session
DevTools listening on ws://127.0.0.1:54430/devtools/browser/d970614b-0428-4837-84e4-b85341bfbc6e
JavaScript error: https://cdn.onesignal.com/sdks/OneSignalPageSDKES6.js?v=151605, line 1: f: OneSignal: This web push config can only be used on https://www.ifthq.ml. Your current origin is https://hub.euginetech.com.
JavaScript warning: https://arvigorothan.com/tag.min.js, line 1: WEBGL_debug_renderer_info is deprecated in Firefox and will be removed. Please use RENDERER.
JavaScript warning: https://tzegilo.com/stattag.js, line 2: WEBGL_debug_renderer_info is deprecated in Firefox and will be removed. Please use RENDERER.
1702308621317	addons.xpi	ERROR	System addon update list error SyntaxError: XMLHttpRequest.open: 'http://%(server)s/dummy-system-addons.xml' is not a valid URL.
JavaScript warning: https://pagead2.googlesyndication.com/bg/Dtt_-LR3WxpzwV0Gscftq1A_D1owstvxoTnWWhwY4Ow.js line 2 > eval line 3214 > eval line 1 > eval line 1 > eval, line 1: WEBGL_debug_renderer_info is deprecated in Firefox and will be removed. Please use RENDERER.
1702308665463	Marionette	WARN	Ignoring event 'DOMContentLoaded' because document has an invalid readyState of 'complete'.
console.error: ({})
JavaScript warning: https://aeis.alicdn.com/AWSC/uab/1.140.0/collina.js, line 4: WEBGL_debug_renderer_info is deprecated in Firefox and will be removed. Please use RENDERER.
JavaScript warning: https://assets.alicdn.com/g/secdev/sufei_data/3.9.10/index.js, line 1: WebGL context was lost.
JavaScript warning: https://assets.alicdn.com/g/secdev/nsv/1.0.87/ns_f_95_3_f.js, line 1: WebGL context was lost.
JavaScript warning: https://assets.alicdn.com/g/AWSC/et/1.70.8/et_f.js, line 4: WEBGL_debug_renderer_info is deprecated in Firefox and will be removed. Please use RENDERER.
JavaScript warning: https://assets.alicdn.com/g/AWSC/et/1.70.8/et_f.js, line 7: WebGL context was lost.
JavaScript warning: https://assets.alicdn.com/g/AWSC/et/1.70.8/et_f.js, line 5: WebGL context was lost.
JavaScript warning: https://aeis.alicdn.com/AWSC/fireyejs/1.227.0/fireyejs.js, line 1: WEBGL_debug_renderer_info is deprecated in Firefox and will be removed. Please use RENDERER.
Exiting due to channel error.
Exiting due to channel error.
Exiting due to channel error.
Exiting due to channel error.
1703052518446	geckodriver	INFO	Listening on 127.0.0.1:59743
1703052521512	mozrunner::runner	INFO	Running command: "C:\\Program Files\\Mozilla Firefox\\firefox.exe" "--marionette" "user-agent=Mozilla/5.0 (Windows NT 10.0; W ... 4" "--remote-allow-hosts" "localhost" "-no-remote" "-profile" "C:\\Users\\eugin\\AppData\\Local\\Temp\\rust_mozprofilel4zvHu"
console.warn: services.settings: Ignoring preference override of remote settings server
console.warn: services.settings: Allow by setting MOZ_REMOTE_SETTINGS_DEVTOOLS=1 in the environment
1703052521921	Marionette	INFO	Marionette enabled
Dynamically enable window occlusion 0
1703052522035	Marionette	INFO	Listening on port 59751
WebDriver BiDi listening on ws://127.0.0.1:59744
Read port: 59751
1703052522355	RemoteAgent	WARN	TLS certificate errors will be ignored for this session
DevTools listening on ws://127.0.0.1:59744/devtools/browser/df853e56-5106-4415-bf57-e885ea267f03
1703052534227	Marionette	INFO	Stopped listening on port 59751
Dynamically enable window occlusion 1
1703052542415	geckodriver	INFO	Listening on 127.0.0.1:59805
1703052545452	mozrunner::runner	INFO	Running command: "C:\\Program Files\\Mozilla Firefox\\firefox.exe" "--marionette" "user-agent=Mozilla/5.0 (Macintosh; Intel M ... 6" "--remote-allow-hosts" "localhost" "-no-remote" "-profile" "C:\\Users\\eugin\\AppData\\Local\\Temp\\rust_mozprofileKnArkf"
console.warn: services.settings: Ignoring preference override of remote settings server
console.warn: services.settings: Allow by setting MOZ_REMOTE_SETTINGS_DEVTOOLS=1 in the environment
1703052545779	Marionette	INFO	Marionette enabled
Dynamically enable window occlusion 0
1703052545855	Marionette	INFO	Listening on port 59813
WebDriver BiDi listening on ws://127.0.0.1:59806
Read port: 59813
1703052546133	RemoteAgent	WARN	TLS certificate errors will be ignored for this session
DevTools listening on ws://127.0.0.1:59806/devtools/browser/7b1508fc-d79d-4cb1-8f2b-74a37f9c03fa
1703052553792	Marionette	WARN	Ignoring event 'DOMContentLoaded' because document has an invalid readyState of 'complete'.
JavaScript warning: https://pagead2.googlesyndication.com/bg/Dtt_-LR3WxpzwV0Gscftq1A_D1owstvxoTnWWhwY4Ow.js line 2 > eval line 3945 > eval line 1 > eval line 1 > eval, line 1: WEBGL_debug_renderer_info is deprecated in Firefox and will be removed. Please use RENDERER.
[Child 13624, MediaDecoderStateMachine #1] WARNING: Decoder=1b156608c00 state=DECODING_METADATA Decode metadata failed, shutting down decoder: file /builds/worker/checkouts/gecko/dom/media/MediaDecoderStateMachine.cpp:372
[Child 13624, MediaDecoderStateMachine #1] WARNING: Decoder=1b156608c00 Decode error: NS_ERROR_DOM_MEDIA_METADATA_ERR (0x806e0006) - static MP4Metadata::ResultAndByteBuffer __cdecl mozilla::MP4Metadata::Metadata(ByteStream *): Cannot parse metadata: file /builds/worker/checkouts/gecko/dom/media/MediaDecoderStateMachineBase.cpp:166
[Child 13624, MediaDecoderStateMachine #1] WARNING: Decoder=1b1547e7000 state=DECODING_METADATA Decode metadata failed, shutting down decoder: file /builds/worker/checkouts/gecko/dom/media/MediaDecoderStateMachine.cpp:372
[Child 13624, MediaDecoderStateMachine #1] WARNING: Decoder=1b1547e7000 Decode error: NS_ERROR_DOM_MEDIA_METADATA_ERR (0x806e0006) - static MP4Metadata::ResultAndByteBuffer __cdecl mozilla::MP4Metadata::Metadata(ByteStream *): Cannot parse metadata: file /builds/worker/checkouts/gecko/dom/media/MediaDecoderStateMachineBase.cpp:166
[Child 13624, MediaDecoderStateMachine #1] WARNING: Decoder=1b156608600 state=DECODING_METADATA Decode metadata failed, shutting down decoder: file /builds/worker/checkouts/gecko/dom/media/MediaDecoderStateMachine.cpp:372
[Child 13624, MediaDecoderStateMachine #1] WARNING: Decoder=1b156608600 Decode error: NS_ERROR_DOM_MEDIA_METADATA_ERR (0x806e0006) - static MP4Metadata::ResultAndByteBuffer __cdecl mozilla::MP4Metadata::Metadata(ByteStream *): Cannot parse metadata: file /builds/worker/checkouts/gecko/dom/media/MediaDecoderStateMachineBase.cpp:166
[Child 13624, MediaDecoderStateMachine #1] WARNING: Decoder=1b156608000 state=DECODING_METADATA Decode metadata failed, shutting down decoder: file /builds/worker/checkouts/gecko/dom/media/MediaDecoderStateMachine.cpp:372
[Child 13624, MediaDecoderStateMachine #1] WARNING: Decoder=1b156608000 Decode error: NS_ERROR_DOM_MEDIA_METADATA_ERR (0x806e0006) - static MP4Metadata::ResultAndByteBuffer __cdecl mozilla::MP4Metadata::Metadata(ByteStream *): Cannot parse metadata: file /builds/worker/checkouts/gecko/dom/media/MediaDecoderStateMachineBase.cpp:166
JavaScript error: resource://gre/modules/XULStore.sys.mjs, line 60: Error: Can't find profile directory.
1703052575889	addons.xpi	ERROR	System addon update list error SyntaxError: XMLHttpRequest.open: 'http://%(server)s/dummy-system-addons.xml' is not a valid URL.
console.log: "RemoteSettingsWorker error: DataError: IndexedDB: records, timestamps execute() Data provided to an operation does not meet requirements."
console.error: (new RemoteSettingsWorkerError("DataError: IndexedDB: records, timestamps execute() Data provided to an operation does not meet requirements.", "resource://services-settings/RemoteSettingsWorker.sys.mjs", 34))
[Child 13624, MediaDecoderStateMachine #1] WARNING: 1b156657df0 Could not set cubeb stream name.: file /builds/worker/checkouts/gecko/dom/media/AudioStream.cpp:324
JavaScript warning: https://www.google.com/js/th/sLx6qsRU46GEe0D3YqweyWcV0efz1f9DxDQkuEUxY-c.js line 2 > eval line 7528 > eval line 1 > eval line 1 > eval, line 1: WEBGL_debug_renderer_info is deprecated in Firefox and will be removed. Please use RENDERER.
Exiting due to channel error.
1703168738795	geckodriver	INFO	Listening on 127.0.0.1:51029
1703168741442	mozrunner::runner	INFO	Running command: "C:\\Program Files\\Mozilla Firefox\\firefox.exe" "--marionette" "user-agent=Mozilla/5.0 (iPod touch; CPU 17 ... 0" "--remote-allow-hosts" "localhost" "-no-remote" "-profile" "C:\\Users\\eugin\\AppData\\Local\\Temp\\rust_mozprofileBIlwtN"
console.warn: services.settings: Ignoring preference override of remote settings server
console.warn: services.settings: Allow by setting MOZ_REMOTE_SETTINGS_DEVTOOLS=1 in the environment
1703168741809	Marionette	INFO	Marionette enabled
Dynamically enable window occlusion 0
1703168741895	Marionette	INFO	Listening on port 51037
WebDriver BiDi listening on ws://127.0.0.1:51030
Read port: 51037
1703168742168	RemoteAgent	WARN	TLS certificate errors will be ignored for this session
DevTools listening on ws://127.0.0.1:51030/devtools/browser/1a053530-9616-48f6-8d02-cc512cdc679e
JavaScript error: https://cdn.onesignal.com/sdks/OneSignalPageSDKES6.js?v=151605, line 1: f: OneSignal: This web push config can only be used on https://www.ifthq.ml. Your current origin is https://hub.euginetech.com.
JavaScript warning: https://arvigorothan.com/tag.min.js, line 1: WEBGL_debug_renderer_info is deprecated in Firefox and will be removed. Please use RENDERER.
JavaScript warning: https://tzegilo.com/stattag.js, line 2: WEBGL_debug_renderer_info is deprecated in Firefox and will be removed. Please use RENDERER.
1703168771833	addons.xpi	ERROR	System addon update list error SyntaxError: XMLHttpRequest.open: 'http://%(server)s/dummy-system-addons.xml' is not a valid URL.
console.log: "RemoteSettingsWorker error: DataError: IndexedDB: records, timestamps execute() Data provided to an operation does not meet requirements."
console.error: (new RemoteSettingsWorkerError("DataError: IndexedDB: records, timestamps execute() Data provided to an operation does not meet requirements.", "resource://services-settings/RemoteSettingsWorker.sys.mjs", 34))
JavaScript warning: https://pagead2.googlesyndication.com/bg/Dtt_-LR3WxpzwV0Gscftq1A_D1owstvxoTnWWhwY4Ow.js line 2 > eval line 1722 > eval line 1 > eval line 1 > eval, line 1: WEBGL_debug_renderer_info is deprecated in Firefox and will be removed. Please use RENDERER.
1703168793403	Marionette	WARN	Ignoring event 'DOMContentLoaded' because document has an invalid readyState of 'complete'.
console.error: ({})
JavaScript warning: https://m.1xbet.ug/default/js/connect.js?vq=310, line 1145: unreachable code after return statement
JavaScript error: resource://gre/modules/LoginManagerChild.sys.mjs, line 121: NS_NOINTERFACE: Component returned failure code: 0x80004002 (NS_NOINTERFACE) [nsIWebProgress.DOMWindow]
JavaScript error: resource://gre/modules/LoginManagerChild.sys.mjs, line 121: NS_NOINTERFACE: Component returned failure code: 0x80004002 (NS_NOINTERFACE) [nsIWebProgress.DOMWindow]
JavaScript error: resource://gre/modules/LoginManagerChild.sys.mjs, line 121: NS_NOINTERFACE: Component returned failure code: 0x80004002 (NS_NOINTERFACE) [nsIWebProgress.DOMWindow]
JavaScript error: resource://gre/modules/LoginManagerChild.sys.mjs, line 121: NS_NOINTERFACE: Component returned failure code: 0x80004002 (NS_NOINTERFACE) [nsIWebProgress.DOMWindow]
JavaScript warning: https://m.1xbet.ug/frontend/205.conversion.4681bce3dc17e13ab2f5.js, line 1: WEBGL_debug_renderer_info is deprecated in Firefox and will be removed. Please use RENDERER.
Exiting due to channel error.
